\BOOKMARK [0][-]{Fedlap.0}{\376\377\000F\000e\000d\001\121\000l\000a\000p}{}% 1
\BOOKMARK [0][-]{feladatlap.0}{\376\377\000S\000z\000a\000k\000d\000o\000l\000g\000o\000z\000a\000t\000\040\000f\000e\000l\000a\000d\000a\000t\000k\000i\000\355\000r\000\341\000s}{}% 2
\BOOKMARK [0][-]{Nyilatkozatok.0}{\376\377\000N\000y\000i\000l\000a\000t\000k\000o\000z\000a\000t\000o\000k}{}% 3
\BOOKMARK [0][-]{acknowledgements.0}{\376\377\000K\000\366\000s\000z\000\366\000n\000e\000t\000n\000y\000i\000l\000v\000\341\000n\000\355\000t\000\341\000s}{}% 4
\BOOKMARK [0][-]{kivonat.0}{\376\377\000K\000i\000v\000o\000n\000a\000t}{}% 5
\BOOKMARK [0][-]{toc.0}{\376\377\000T\000A\000R\000T\000A\000L\000O\000M\000J\000E\000G\000Y\000Z\000\311\000K}{}% 6
\BOOKMARK [0][-]{lof.0}{\376\377\000\301\000B\000R\000\301\000K\000\040\000J\000E\000G\000Y\000Z\000\311\000K}{}% 7
\BOOKMARK [0][-]{lot.0}{\376\377\000T\000\301\000B\000L\000\301\000Z\000A\000T\000O\000K\000\040\000J\000E\000G\000Y\000Z\000\311\000K\000E}{}% 8
\BOOKMARK [0][-]{chapter.1}{\376\377\000B\000e\000v\000e\000z\000e\000t\000\351\000s}{}% 9
\BOOKMARK [0][-]{chapter.2}{\376\377\000F\000i\000z\000i\000k\000a\000i\000\040\000m\000o\000d\000e\000l\000l}{}% 10
\BOOKMARK [1][-]{section.2.1}{\376\377\000E\000g\000y\000e\000n\000\341\000r\000a\000m\000\372\000\040\000m\000o\000t\000o\000r\000\040\000d\000i\000n\000a\000m\000i\000k\000\341\000j\000a}{chapter.2}% 11
\BOOKMARK [1][-]{section.2.2}{\376\377\000E\000g\000y\000e\000n\000\341\000r\000a\000m\000\372\000\040\000m\000o\000t\000o\000r\000\040\000s\000t\000a\000b\000i\000l\000i\000t\000\341\000s\000a}{chapter.2}% 12
\BOOKMARK [1][-]{section.2.3}{\376\377\000M\000e\000g\000f\000i\000g\000y\000e\000l\000h\000e\000t\001\121\000s\000\351\000g}{chapter.2}% 13
\BOOKMARK [1][-]{section.2.4}{\376\377\000I\000r\000\341\000n\000y\000\355\000t\000h\000a\000t\000\363\000s\000\341\000g}{chapter.2}% 14
\BOOKMARK [0][-]{chapter.3}{\376\377\000S\000z\000a\000b\000\341\000l\000y\000o\000z\000\363\000\040\000m\000o\000d\000e\000l\000l\000e\000z\000\351\000s\000e}{}% 15
\BOOKMARK [1][-]{section.3.1}{\376\377\000\301\000l\000l\000a\000p\000o\000t\000m\000e\000g\000f\000i\000g\000y\000e\000l\001\121}{chapter.3}% 16
\BOOKMARK [1][-]{section.3.2}{\376\377\000P\000o\000z\000\355\000c\000i\000\363\000\040\000s\000z\000a\000b\000\341\000l\000y\000o\000z\000\341\000s}{chapter.3}% 17
\BOOKMARK [1][-]{section.3.3}{\376\377\000N\000y\000o\000m\000a\000t\000\351\000k\000\040\000k\000o\000m\000p\000e\000n\000z\000\341\000c\000i\000\363}{chapter.3}% 18
\BOOKMARK [0][-]{chapter.4}{\376\377\000S\000t\000a\000b\000i\000l\000i\000t\000\341\000s\000v\000i\000z\000s\000g\000\341\000l\000a\000t\000\040\000i\000d\001\121\000k\000\351\000s\000\351\000s\000s\000e\000l}{}% 19
\BOOKMARK [1][-]{section.4.1}{\376\377\000S\000t\000a\000b\000i\000l\000i\000t\000\341\000s\000\040\000f\000o\000l\000y\000t\000o\000n\000o\000s\000\040\000i\000d\001\121\000b\000e\000n}{chapter.4}% 20
\BOOKMARK [1][-]{section.4.2}{\376\377\000S\000t\000a\000b\000i\000l\000i\000t\000\341\000s\000\040\000d\000i\000s\000z\000k\000r\000\351\000t\000\040\000i\000d\001\121\000b\000e\000n}{chapter.4}% 21
\BOOKMARK [0][-]{chapter.5}{\376\377\000K\000\355\000s\000\351\000r\000l\000e\000t}{}% 22
\BOOKMARK [1][-]{section.5.1}{\376\377\000M\000\351\000r\000\351\000s\000i\000\040\000\366\000s\000s\000z\000e\000\341\000l\000l\000\355\000t\000\341\000s}{chapter.5}% 23
\BOOKMARK [1][-]{section.5.2}{\376\377\000P\000a\000r\000a\000m\000\351\000t\000e\000r\000\040\000i\000d\000e\000n\000t\000i\000f\000i\000k\000\341\000c\000i\000\363}{chapter.5}% 24
\BOOKMARK [1][-]{section.5.3}{\376\377\000E\000r\000e\000d\000m\000\351\000n\000y\000e\000k}{chapter.5}% 25
\BOOKMARK [0][-]{chapter.6}{\376\377\000\326\000s\000s\000z\000e\000g\000z\000\351\000s}{}% 26
\BOOKMARK [0][-]{chapter.7}{\376\377\000J\000\366\000v\001\121\000b\000e\000l\000i\000\040\000m\000u\000n\000k\000a}{}% 27
\BOOKMARK [-1][-]{part*.46}{\376\377\000F\000\334\000G\000G\000E\000L\000\311\000K}{}% 28
